<?xml version="1.0" encoding="UTF-8"?>
<!-- Generated by org.testng.reporters.JUnitReportReporter -->
<testsuite hostname="DESKTOP-12VNEQH" failures="0" tests="2" name="com.crm.testScript.ProgramTest" time="0.106" errors="0" timestamp="2022-06-12T15:50:20 IST" skipped="0">
  <testcase classname="com.crm.testScript.ProgramTest" name="dress" time="0.089"/>
  <system-out/>
  <testcase classname="com.crm.testScript.ProgramTest" name="dress" time="0.017"/>
  <system-out/>
</testsuite> <!-- com.crm.testScript.ProgramTest -->
