<?xml version="1.0" encoding="UTF-8"?>
<!-- Generated by org.testng.reporters.JUnitReportReporter -->
<testsuite hostname="DESKTOP-12VNEQH" failures="0" tests="6" name="com.crm.testScript.program2Test" time="0.077" errors="0" timestamp="2022-06-12T15:50:20 IST" skipped="0">
  <testcase classname="com.crm.testScript.program2Test" name="menswear" time="0.008"/>
  <system-out/>
  <testcase classname="com.crm.testScript.program2Test" name="menswear" time="0.030"/>
  <system-out/>
  <testcase classname="com.crm.testScript.program2Test" name="addTocart" time="0.008"/>
  <system-out/>
  <testcase classname="com.crm.testScript.program2Test" name="dress" time="0.006"/>
  <system-out/>
  <testcase classname="com.crm.testScript.program2Test" name="dress" time="0.018"/>
  <system-out/>
  <testcase classname="com.crm.testScript.program2Test" name="addTocart" time="0.007"/>
  <system-out/>
</testsuite> <!-- com.crm.testScript.program2Test -->
