<?xml version="1.0" encoding="UTF-8"?>
<!-- Generated by org.testng.reporters.JUnitReportReporter -->
<testsuite hostname="DESKTOP-12VNEQH" failures="0" tests="6" name="com.crm.testScript.Program1Test" time="0.062" errors="0" timestamp="2022-06-12T15:50:20 IST" skipped="0">
  <testcase classname="com.crm.testScript.Program1Test" name="menSection" time="0.005"/>
  <system-out/>
  <testcase classname="com.crm.testScript.Program1Test" name="dreschange" time="0.006"/>
  <system-out/>
  <testcase classname="com.crm.testScript.Program1Test" name="dreschange" time="0.020"/>
  <system-out/>
  <testcase classname="com.crm.testScript.Program1Test" name="menSection" time="0.002"/>
  <system-out/>
  <testcase classname="com.crm.testScript.Program1Test" name="addTstartt" time="0.006"/>
  <system-out/>
  <testcase classname="com.crm.testScript.Program1Test" name="addTstartt" time="0.023"/>
  <system-out/>
</testsuite> <!-- com.crm.testScript.Program1Test -->
